no change     /gscratch/ark/zhengbr/miniconda3/condabin/conda
no change     /gscratch/ark/zhengbr/miniconda3/bin/conda
no change     /gscratch/ark/zhengbr/miniconda3/bin/conda-env
no change     /gscratch/ark/zhengbr/miniconda3/bin/activate
no change     /gscratch/ark/zhengbr/miniconda3/bin/deactivate
no change     /gscratch/ark/zhengbr/miniconda3/etc/profile.d/conda.sh
no change     /gscratch/ark/zhengbr/miniconda3/etc/fish/conf.d/conda.fish
no change     /gscratch/ark/zhengbr/miniconda3/shell/condabin/Conda.psm1
no change     /gscratch/ark/zhengbr/miniconda3/shell/condabin/conda-hook.ps1
no change     /gscratch/ark/zhengbr/miniconda3/lib/python3.12/site-packages/xontrib/conda.xsh
no change     /gscratch/ark/zhengbr/miniconda3/etc/profile.d/conda.csh
no change     /mmfs1/home/zhengbr/.bashrc
No action taken.

CondaError: Run 'conda init' before 'conda activate'

Loading checkpoint shards:   0%|          | 0/4 [00:00<?, ?it/s]Loading checkpoint shards:  25%|██▌       | 1/4 [00:15<00:47, 15.94s/it]Loading checkpoint shards:  50%|█████     | 2/4 [00:33<00:33, 16.71s/it]Loading checkpoint shards:  75%|███████▌  | 3/4 [00:50<00:16, 16.98s/it]Loading checkpoint shards: 100%|██████████| 4/4 [00:52<00:00, 11.07s/it]Loading checkpoint shards: 100%|██████████| 4/4 [00:52<00:00, 13.12s/it]
Processing Sentences:   0%|          | 0/331 [00:00<?, ?sentence/s]Processing Sentences: 100%|██████████| 331/331 [00:00<00:00, 13778.57sentence/s]
/gscratch/ark/zhengbr/miniconda3/envs/open-instruct-run/lib/python3.12/site-packages/transformers/generation/configuration_utils.py:628: UserWarning: `do_sample` is set to `False`. However, `temperature` is set to `0.6` -- this flag is only used in sample-based generation modes. You should set `do_sample=True` or unset `temperature`.
  warnings.warn(
/gscratch/ark/zhengbr/miniconda3/envs/open-instruct-run/lib/python3.12/site-packages/transformers/generation/configuration_utils.py:633: UserWarning: `do_sample` is set to `False`. However, `top_p` is set to `0.9` -- this flag is only used in sample-based generation modes. You should set `do_sample=True` or unset `top_p`.
  warnings.warn(
Setting `pad_token_id` to `eos_token_id`:128001 for open-end generation.
Setting `pad_token_id` to `eos_token_id`:128001 for open-end generation.
Setting `pad_token_id` to `eos_token_id`:128001 for open-end generation.
Setting `pad_token_id` to `eos_token_id`:128001 for open-end generation.
Setting `pad_token_id` to `eos_token_id`:128001 for open-end generation.
Setting `pad_token_id` to `eos_token_id`:128001 for open-end generation.
Setting `pad_token_id` to `eos_token_id`:128001 for open-end generation.
Setting `pad_token_id` to `eos_token_id`:128001 for open-end generation.
Setting `pad_token_id` to `eos_token_id`:128001 for open-end generation.
Setting `pad_token_id` to `eos_token_id`:128001 for open-end generation.
Setting `pad_token_id` to `eos_token_id`:128001 for open-end generation.
Setting `pad_token_id` to `eos_token_id`:128001 for open-end generation.
Setting `pad_token_id` to `eos_token_id`:128001 for open-end generation.
Setting `pad_token_id` to `eos_token_id`:128001 for open-end generation.
Processing Batch: 1
Processing Batch: 2
Processing Batch: 3
Processing Batch: 4
Processing Batch: 5
Processing Batch: 6
Processing Batch: 7
Processing Batch: 8
Processing Batch: 9
Processing Batch: 10
Processing Batch: 11
Processing Batch: 12
Processing Batch: 13
Processing Batch: 14
Processed: 0
Processed: 1
Processed: 2
Processed: 3
Processed: 4
Processed: 5
Processed: 6
Processed: 7
Processed: 8
Processed: 9
Processed: 10
Processed: 11
Processed: 12
Processed: 13
Processed: 14
Processed: 15
Processed: 16
Processed: 17
Processed: 18
Processed: 19
Processed: 20
Processed: 21
Processed: 22
Processed: 23
Processed: 24
Processed: 25
Processed: 26
Processed: 27
Processed: 28
Processed: 29
Processed: 30
Processed: 31
Processed: 32
Processed: 33
Processed: 34
Processed: 35
Processed: 36
Processed: 37
Processed: 38
Processed: 39
Processed: 40
Processed: 41
Processed: 42
Processed: 43
Processed: 44
Processed: 45
Processed: 46
Processed: 47
Processed: 48
Processed: 49
Processed: 50
Processed: 51
Processed: 52
Processed: 53
Processed: 54
Processed: 55
Processed: 56
Processed: 57
Processed: 58
Processed: 59
Processed: 60
Processed: 61
Processed: 62
Processed: 63
Processed: 64
Processed: 65
Processed: 66
Processed: 67
Processed: 68
Processed: 69
Processed: 70
Processed: 71
Processed: 72
Processed: 73
Processed: 74
Processed: 75
Processed: 76
Processed: 77
Processed: 78
Processed: 79
Processed: 80
Processed: 81
Processed: 82
Processed: 83
Processed: 84
Processed: 85
Processed: 86
Processed: 87
Processed: 88
Processed: 89
Processed: 90
Processed: 91
Processed: 92
Processed: 93
Processed: 94
Processed: 95
Processed: 96
Processed: 97
Processed: 98
Processed: 99
Processed: 100
Processed: 101
Processed: 102
Processed: 103
Processed: 104
Processed: 105
Processed: 106
Processed: 107
Processed: 108
Processed: 109
Processed: 110
Processed: 111
Processed: 112
Processed: 113
Processed: 114
Processed: 115
Processed: 116
Processed: 117
Processed: 118
Processed: 119
Processed: 120
Processed: 121
Processed: 122
Processed: 123
Processed: 124
Processed: 125
Processed: 126
Processed: 127
Processed: 128
Processed: 129
Processed: 130
Processed: 131
Processed: 132
Processed: 133
Processed: 134
Processed: 135
Processed: 136
Processed: 137
Processed: 138
Processed: 139
Processed: 140
Processed: 141
Processed: 142
Processed: 143
Processed: 144
Processed: 145
Processed: 146
Processed: 147
Processed: 148
Processed: 149
Processed: 150
Processed: 151
Processed: 152
Processed: 153
Processed: 154
Processed: 155
Processed: 156
Processed: 157
Processed: 158
Processed: 159
Processed: 160
Processed: 161
Processed: 162
Processed: 163
Processed: 164
Processed: 165
Processed: 166
Processed: 167
Processed: 168
Processed: 169
Processed: 170
Processed: 171
Processed: 172
Processed: 173
Processed: 174
Processed: 175
Processed: 176
Processed: 177
Processed: 178
Processed: 179
Processed: 180
Processed: 181
Processed: 182
Processed: 183
Processed: 184
Processed: 185
Processed: 186
Processed: 187
Processed: 188
Processed: 189
Processed: 190
Processed: 191
Processed: 192
Processed: 193
Processed: 194
Processed: 195
Processed: 196
Processed: 197
Processed: 198
Processed: 199
Processed: 200
Processed: 201
Processed: 202
Processed: 203
Processed: 204
Processed: 205
Processed: 206
Processed: 207
Processed: 208
Processed: 209
Processed: 210
Processed: 211
Processed: 212
Processed: 213
Processed: 214
Processed: 215
Processed: 216
Processed: 217
Processed: 218
Processed: 219
Processed: 220
Processed: 221
Processed: 222
Processed: 223
Processed: 224
Processed: 225
Processed: 226
Processed: 227
Processed: 228
Processed: 229
Processed: 230
Processed: 231
Processed: 232
Processed: 233
Processed: 234
Processed: 235
Processed: 236
Processed: 237
Processed: 238
Processed: 239
Processed: 240
Processed: 241
Processed: 242
Processed: 243
Processed: 244
Processed: 245
Processed: 246
Processed: 247
Processed: 248
Processed: 249
Processed: 250
Processed: 251
Processed: 252
Processed: 253
Processed: 254
Processed: 255
Processed: 256
Processed: 257
Processed: 258
Processed: 259
Processed: 260
Processed: 261
Processed: 262
Processed: 263
Processed: 264
Processed: 265
Processed: 266
Processed: 267
Processed: 268
Processed: 269
Processed: 270
Processed: 271
Processed: 272
Processed: 273
Processed: 274
Processed: 275
Processed: 276
Processed: 277
Processed: 278
Processed: 279
Processed: 280
Processed: 281
Processed: 282
Processed: 283
Processed: 284
Processed: 285
Processed: 286
Processed: 287
Processed: 288
Processed: 289
Processed: 290
Processed: 291
Processed: 292
Processed: 293
Processed: 294
Processed: 295
Processed: 296
Processed: 297
Processed: 298
Processed: 299
Processed: 300
Processed: 301
Processed: 302
Processed: 303
Processed: 304
Processed: 305
Processed: 306
Processed: 307
Processed: 308
Processed: 309
Processed: 310
Processed: 311
Processed: 312
Processed: 313
Processed: 314
Processed: 315
Processed: 316
Processed: 317
Processed: 318
Processed: 319
Processed: 320
Processed: 321
Processed: 322
Processed: 323
Processed: 324
Processed: 325
Processed: 326
Processed: 327
Processed: 328
Processed: 329
Processed: 330
