no change     /gscratch/ark/zhengbr/miniconda3/condabin/conda
no change     /gscratch/ark/zhengbr/miniconda3/bin/conda
no change     /gscratch/ark/zhengbr/miniconda3/bin/conda-env
no change     /gscratch/ark/zhengbr/miniconda3/bin/activate
no change     /gscratch/ark/zhengbr/miniconda3/bin/deactivate
no change     /gscratch/ark/zhengbr/miniconda3/etc/profile.d/conda.sh
no change     /gscratch/ark/zhengbr/miniconda3/etc/fish/conf.d/conda.fish
no change     /gscratch/ark/zhengbr/miniconda3/shell/condabin/Conda.psm1
no change     /gscratch/ark/zhengbr/miniconda3/shell/condabin/conda-hook.ps1
no change     /gscratch/ark/zhengbr/miniconda3/lib/python3.12/site-packages/xontrib/conda.xsh
no change     /gscratch/ark/zhengbr/miniconda3/etc/profile.d/conda.csh
no change     /mmfs1/home/zhengbr/.bashrc
No action taken.

CondaError: Run 'conda init' before 'conda activate'

Loading checkpoint shards:   0%|          | 0/4 [00:00<?, ?it/s]Loading checkpoint shards:  25%|██▌       | 1/4 [00:13<00:39, 13.14s/it]Loading checkpoint shards:  50%|█████     | 2/4 [00:28<00:28, 14.18s/it]Loading checkpoint shards:  75%|███████▌  | 3/4 [00:43<00:14, 14.89s/it]Loading checkpoint shards: 100%|██████████| 4/4 [00:46<00:00,  9.95s/it]Loading checkpoint shards: 100%|██████████| 4/4 [00:46<00:00, 11.54s/it]
Processing Sentences:   0%|          | 0/1443 [00:00<?, ?sentence/s]Processing Sentences:  41%|████▏     | 598/1443 [00:00<00:00, 5978.31sentence/s]Processing Sentences:  95%|█████████▌| 1372/1443 [00:00<00:00, 7010.89sentence/s]Processing Sentences: 100%|██████████| 1443/1443 [00:00<00:00, 6896.35sentence/s]
/gscratch/ark/zhengbr/miniconda3/envs/open-instruct-run/lib/python3.12/site-packages/transformers/generation/configuration_utils.py:628: UserWarning: `do_sample` is set to `False`. However, `temperature` is set to `0.6` -- this flag is only used in sample-based generation modes. You should set `do_sample=True` or unset `temperature`.
  warnings.warn(
/gscratch/ark/zhengbr/miniconda3/envs/open-instruct-run/lib/python3.12/site-packages/transformers/generation/configuration_utils.py:633: UserWarning: `do_sample` is set to `False`. However, `top_p` is set to `0.9` -- this flag is only used in sample-based generation modes. You should set `do_sample=True` or unset `top_p`.
  warnings.warn(
Setting `pad_token_id` to `eos_token_id`:128001 for open-end generation.
Setting `pad_token_id` to `eos_token_id`:128001 for open-end generation.
Setting `pad_token_id` to `eos_token_id`:128001 for open-end generation.
Setting `pad_token_id` to `eos_token_id`:128001 for open-end generation.
Setting `pad_token_id` to `eos_token_id`:128001 for open-end generation.
Setting `pad_token_id` to `eos_token_id`:128001 for open-end generation.
Setting `pad_token_id` to `eos_token_id`:128001 for open-end generation.
Setting `pad_token_id` to `eos_token_id`:128001 for open-end generation.
Setting `pad_token_id` to `eos_token_id`:128001 for open-end generation.
Setting `pad_token_id` to `eos_token_id`:128001 for open-end generation.
Setting `pad_token_id` to `eos_token_id`:128001 for open-end generation.
Setting `pad_token_id` to `eos_token_id`:128001 for open-end generation.
Setting `pad_token_id` to `eos_token_id`:128001 for open-end generation.
Setting `pad_token_id` to `eos_token_id`:128001 for open-end generation.
Setting `pad_token_id` to `eos_token_id`:128001 for open-end generation.
Setting `pad_token_id` to `eos_token_id`:128001 for open-end generation.
Setting `pad_token_id` to `eos_token_id`:128001 for open-end generation.
Setting `pad_token_id` to `eos_token_id`:128001 for open-end generation.
Setting `pad_token_id` to `eos_token_id`:128001 for open-end generation.
Setting `pad_token_id` to `eos_token_id`:128001 for open-end generation.
Setting `pad_token_id` to `eos_token_id`:128001 for open-end generation.
Setting `pad_token_id` to `eos_token_id`:128001 for open-end generation.
Setting `pad_token_id` to `eos_token_id`:128001 for open-end generation.
Setting `pad_token_id` to `eos_token_id`:128001 for open-end generation.
Setting `pad_token_id` to `eos_token_id`:128001 for open-end generation.
Setting `pad_token_id` to `eos_token_id`:128001 for open-end generation.
Setting `pad_token_id` to `eos_token_id`:128001 for open-end generation.
Setting `pad_token_id` to `eos_token_id`:128001 for open-end generation.
Setting `pad_token_id` to `eos_token_id`:128001 for open-end generation.
Setting `pad_token_id` to `eos_token_id`:128001 for open-end generation.
Setting `pad_token_id` to `eos_token_id`:128001 for open-end generation.
Setting `pad_token_id` to `eos_token_id`:128001 for open-end generation.
Setting `pad_token_id` to `eos_token_id`:128001 for open-end generation.
Setting `pad_token_id` to `eos_token_id`:128001 for open-end generation.
Setting `pad_token_id` to `eos_token_id`:128001 for open-end generation.
Setting `pad_token_id` to `eos_token_id`:128001 for open-end generation.
Setting `pad_token_id` to `eos_token_id`:128001 for open-end generation.
Setting `pad_token_id` to `eos_token_id`:128001 for open-end generation.
Setting `pad_token_id` to `eos_token_id`:128001 for open-end generation.
Setting `pad_token_id` to `eos_token_id`:128001 for open-end generation.
Setting `pad_token_id` to `eos_token_id`:128001 for open-end generation.
Setting `pad_token_id` to `eos_token_id`:128001 for open-end generation.
Setting `pad_token_id` to `eos_token_id`:128001 for open-end generation.
Setting `pad_token_id` to `eos_token_id`:128001 for open-end generation.
Setting `pad_token_id` to `eos_token_id`:128001 for open-end generation.
Setting `pad_token_id` to `eos_token_id`:128001 for open-end generation.
Setting `pad_token_id` to `eos_token_id`:128001 for open-end generation.
Setting `pad_token_id` to `eos_token_id`:128001 for open-end generation.
Setting `pad_token_id` to `eos_token_id`:128001 for open-end generation.
Setting `pad_token_id` to `eos_token_id`:128001 for open-end generation.
Setting `pad_token_id` to `eos_token_id`:128001 for open-end generation.
Setting `pad_token_id` to `eos_token_id`:128001 for open-end generation.
Setting `pad_token_id` to `eos_token_id`:128001 for open-end generation.
Setting `pad_token_id` to `eos_token_id`:128001 for open-end generation.
Setting `pad_token_id` to `eos_token_id`:128001 for open-end generation.
Setting `pad_token_id` to `eos_token_id`:128001 for open-end generation.
Setting `pad_token_id` to `eos_token_id`:128001 for open-end generation.
Setting `pad_token_id` to `eos_token_id`:128001 for open-end generation.
Processing Batch: 1
Processing Batch: 2
Processing Batch: 3
Processing Batch: 4
Processing Batch: 5
Processing Batch: 6
Processing Batch: 7
Processing Batch: 8
Processing Batch: 9
Processing Batch: 10
Processing Batch: 11
Processing Batch: 12
Processing Batch: 13
Processing Batch: 14
Processing Batch: 15
Processing Batch: 16
Processing Batch: 17
Processing Batch: 18
Processing Batch: 19
Processing Batch: 20
Processing Batch: 21
Processing Batch: 22
Processing Batch: 23
Processing Batch: 24
Processing Batch: 25
Processing Batch: 26
Processing Batch: 27
Processing Batch: 28
Processing Batch: 29
Processing Batch: 30
Processing Batch: 31
Processing Batch: 32
Processing Batch: 33
Processing Batch: 34
Processing Batch: 35
Processing Batch: 36
Processing Batch: 37
Processing Batch: 38
Processing Batch: 39
Processing Batch: 40
Processing Batch: 41
Processing Batch: 42
Processing Batch: 43
Processing Batch: 44
Processing Batch: 45
Processing Batch: 46
Processing Batch: 47
Processing Batch: 48
Processing Batch: 49
Processing Batch: 50
Processing Batch: 51
Processing Batch: 52
Processing Batch: 53
Processing Batch: 54
Processing Batch: 55
Processing Batch: 56
Processing Batch: 57
Processing Batch: 58
Processed: 0
Processed: 1
Processed: 2
Processed: 3
Processed: 4
Processed: 5
Processed: 6
Processed: 7
Processed: 8
Processed: 9
Processed: 10
Processed: 11
Processed: 12
Processed: 13
Processed: 14
Processed: 15
Processed: 16
Processed: 17
Processed: 18
Processed: 19
Processed: 20
Processed: 21
Processed: 22
Processed: 23
Processed: 24
Processed: 25
Processed: 26
Processed: 27
Processed: 28
Processed: 29
Processed: 30
Processed: 31
Processed: 32
Processed: 33
Processed: 34
Processed: 35
Processed: 36
Processed: 37
Processed: 38
Processed: 39
Processed: 40
Processed: 41
Processed: 42
Processed: 43
Processed: 44
Processed: 45
Processed: 46
Processed: 47
Processed: 48
Processed: 49
Processed: 50
Processed: 51
Processed: 52
Processed: 53
Processed: 54
Processed: 55
Processed: 56
Processed: 57
Processed: 58
Processed: 59
Processed: 60
Processed: 61
Processed: 62
Processed: 63
Processed: 64
Processed: 65
Processed: 66
Processed: 67
Processed: 68
Processed: 69
Processed: 70
Processed: 71
Processed: 72
Processed: 73
Processed: 74
Processed: 75
Processed: 76
Processed: 77
Processed: 78
Processed: 79
Processed: 80
Processed: 81
Processed: 82
Processed: 83
Processed: 84
Processed: 85
Processed: 86
Processed: 87
Processed: 88
Processed: 89
Processed: 90
Processed: 91
Processed: 92
Processed: 93
Processed: 94
Processed: 95
Processed: 96
Processed: 97
Processed: 98
Processed: 99
Processed: 100
Processed: 101
Processed: 102
Processed: 103
Processed: 104
Processed: 105
Processed: 106
Processed: 107
Processed: 108
Processed: 109
Processed: 110
Processed: 111
Processed: 112
Processed: 113
Processed: 114
Processed: 115
Processed: 116
Processed: 117
Processed: 118
Processed: 119
Processed: 120
Processed: 121
Processed: 122
Processed: 123
Processed: 124
Processed: 125
Processed: 126
Processed: 127
Processed: 128
Processed: 129
Processed: 130
Processed: 131
Processed: 132
Processed: 133
Processed: 134
Processed: 135
Processed: 136
Processed: 137
Processed: 138
Processed: 139
Processed: 140
Processed: 141
Processed: 142
Processed: 143
Processed: 144
Processed: 145
Processed: 146
Processed: 147
Processed: 148
Processed: 149
Processed: 150
Processed: 151
Processed: 152
Processed: 153
Processed: 154
Processed: 155
Processed: 156
Processed: 157
Processed: 158
Processed: 159
Processed: 160
Processed: 161
Processed: 162
Processed: 163
Processed: 164
Processed: 165
Processed: 166
Processed: 167
Processed: 168
Processed: 169
Processed: 170
Processed: 171
Processed: 172
Processed: 173
Processed: 174
Processed: 175
Processed: 176
Processed: 177
Processed: 178
Processed: 179
Processed: 180
Processed: 181
Processed: 182
Processed: 183
Processed: 184
Processed: 185
Processed: 186
Processed: 187
Processed: 188
Processed: 189
Processed: 190
Processed: 191
Processed: 192
Processed: 193
Processed: 194
Processed: 195
Processed: 196
Processed: 197
Processed: 198
Processed: 199
Processed: 200
Processed: 201
Processed: 202
Processed: 203
Processed: 204
Processed: 205
Processed: 206
Processed: 207
Processed: 208
Processed: 209
Processed: 210
Processed: 211
Processed: 212
Processed: 213
Processed: 214
Processed: 215
Processed: 216
Processed: 217
Processed: 218
Processed: 219
Processed: 220
Processed: 221
Processed: 222
Processed: 223
Processed: 224
Processed: 225
Processed: 226
Processed: 227
Processed: 228
Processed: 229
Processed: 230
Processed: 231
Processed: 232
Processed: 233
Processed: 234
Processed: 235
Processed: 236
Processed: 237
Processed: 238
Processed: 239
Processed: 240
Processed: 241
Processed: 242
Processed: 243
Processed: 244
Processed: 245
Processed: 246
Processed: 247
Processed: 248
Processed: 249
Processed: 250
Processed: 251
Processed: 252
Processed: 253
Processed: 254
Processed: 255
Processed: 256
Processed: 257
Processed: 258
Processed: 259
Processed: 260
Processed: 261
Processed: 262
Processed: 263
Processed: 264
Processed: 265
Processed: 266
Processed: 267
Processed: 268
Processed: 269
Processed: 270
Processed: 271
Processed: 272
Processed: 273
Processed: 274
Processed: 275
Processed: 276
Processed: 277
Processed: 278
Processed: 279
Processed: 280
Processed: 281
Processed: 282
Processed: 283
Processed: 284
Processed: 285
Processed: 286
Processed: 287
Processed: 288
Processed: 289
Processed: 290
Processed: 291
Processed: 292
Processed: 293
Processed: 294
Processed: 295
Processed: 296
Processed: 297
Processed: 298
Processed: 299
Processed: 300
Processed: 301
Processed: 302
Processed: 303
Processed: 304
Processed: 305
Processed: 306
Processed: 307
Processed: 308
Processed: 309
Processed: 310
Processed: 311
Processed: 312
Processed: 313
Processed: 314
Processed: 315
Processed: 316
Processed: 317
Processed: 318
Processed: 319
Processed: 320
Processed: 321
Processed: 322
Processed: 323
Processed: 324
Processed: 325
Processed: 326
Processed: 327
Processed: 328
Processed: 329
Processed: 330
Processed: 331
Processed: 332
Processed: 333
Processed: 334
Processed: 335
Processed: 336
Processed: 337
Processed: 338
Processed: 339
Processed: 340
Processed: 341
Processed: 342
Processed: 343
Processed: 344
Processed: 345
Processed: 346
Processed: 347
Processed: 348
Processed: 349
Processed: 350
Processed: 351
Processed: 352
Processed: 353
Processed: 354
Processed: 355
Processed: 356
Processed: 357
Processed: 358
Processed: 359
Processed: 360
Processed: 361
Processed: 362
Processed: 363
Processed: 364
Processed: 365
Processed: 366
Processed: 367
Processed: 368
Processed: 369
Processed: 370
Processed: 371
Processed: 372
Processed: 373
Processed: 374
Processed: 375
Processed: 376
Processed: 377
Processed: 378
Processed: 379
Processed: 380
Processed: 381
Processed: 382
Processed: 383
Processed: 384
Processed: 385
Processed: 386
Processed: 387
Processed: 388
Processed: 389
Processed: 390
Processed: 391
Processed: 392
Processed: 393
Processed: 394
Processed: 395
Processed: 396
Processed: 397
Processed: 398
Processed: 399
Processed: 400
Processed: 401
Processed: 402
Processed: 403
Processed: 404
Processed: 405
Processed: 406
Processed: 407
Processed: 408
Processed: 409
Processed: 410
Processed: 411
Processed: 412
Processed: 413
Processed: 414
Processed: 415
Processed: 416
Processed: 417
Processed: 418
Processed: 419
Processed: 420
Processed: 421
Processed: 422
Processed: 423
Processed: 424
Processed: 425
Processed: 426
Processed: 427
Processed: 428
Processed: 429
Processed: 430
Processed: 431
Processed: 432
Processed: 433
Processed: 434
Processed: 435
Processed: 436
Processed: 437
Processed: 438
Processed: 439
Processed: 440
Processed: 441
Processed: 442
Processed: 443
Processed: 444
Processed: 445
Processed: 446
Processed: 447
Processed: 448
Processed: 449
Processed: 450
Processed: 451
Processed: 452
Processed: 453
Processed: 454
Processed: 455
Processed: 456
Processed: 457
Processed: 458
Processed: 459
Processed: 460
Processed: 461
Processed: 462
Processed: 463
Processed: 464
Processed: 465
Processed: 466
Processed: 467
Processed: 468
Processed: 469
Processed: 470
Processed: 471
Processed: 472
Processed: 473
Processed: 474
Processed: 475
Processed: 476
Processed: 477
Processed: 478
Processed: 479
Processed: 480
Processed: 481
Processed: 482
Processed: 483
Processed: 484
Processed: 485
Processed: 486
Processed: 487
Processed: 488
Processed: 489
Processed: 490
Processed: 491
Processed: 492
Processed: 493
Processed: 494
Processed: 495
Processed: 496
Processed: 497
Processed: 498
Processed: 499
Processed: 500
Processed: 501
Processed: 502
Processed: 503
Processed: 504
Processed: 505
Processed: 506
Processed: 507
Processed: 508
Processed: 509
Processed: 510
Processed: 511
Processed: 512
Processed: 513
Processed: 514
Processed: 515
Processed: 516
Processed: 517
Processed: 518
Processed: 519
Processed: 520
Processed: 521
Processed: 522
Processed: 523
Processed: 524
Processed: 525
Processed: 526
Processed: 527
Processed: 528
Processed: 529
Processed: 530
Processed: 531
Processed: 532
Processed: 533
Processed: 534
Processed: 535
Processed: 536
Processed: 537
Processed: 538
Processed: 539
Processed: 540
Processed: 541
Processed: 542
Processed: 543
Processed: 544
Processed: 545
Processed: 546
Processed: 547
Processed: 548
Processed: 549
Processed: 550
Processed: 551
Processed: 552
Processed: 553
Processed: 554
Processed: 555
Processed: 556
Processed: 557
Processed: 558
Processed: 559
Processed: 560
Processed: 561
Processed: 562
Processed: 563
Processed: 564
Processed: 565
Processed: 566
Processed: 567
Processed: 568
Processed: 569
Processed: 570
Processed: 571
Processed: 572
Processed: 573
Processed: 574
Processed: 575
Processed: 576
Processed: 577
Processed: 578
Processed: 579
Processed: 580
Processed: 581
Processed: 582
Processed: 583
Processed: 584
Processed: 585
Processed: 586
Processed: 587
Processed: 588
Processed: 589
Processed: 590
Processed: 591
Processed: 592
Processed: 593
Processed: 594
Processed: 595
Processed: 596
Processed: 597
Processed: 598
Processed: 599
Processed: 600
Processed: 601
Processed: 602
Processed: 603
Processed: 604
Processed: 605
Processed: 606
Processed: 607
Processed: 608
Processed: 609
Processed: 610
Processed: 611
Processed: 612
Processed: 613
Processed: 614
Processed: 615
Processed: 616
Processed: 617
Processed: 618
Processed: 619
Processed: 620
Processed: 621
Processed: 622
Processed: 623
Processed: 624
Processed: 625
Processed: 626
Processed: 627
Processed: 628
Processed: 629
Processed: 630
Processed: 631
Processed: 632
Processed: 633
Processed: 634
Processed: 635
Processed: 636
Processed: 637
Processed: 638
Processed: 639
Processed: 640
Processed: 641
Processed: 642
Processed: 643
Processed: 644
Processed: 645
Processed: 646
Processed: 647
Processed: 648
Processed: 649
Processed: 650
Processed: 651
Processed: 652
Processed: 653
Processed: 654
Processed: 655
Processed: 656
Processed: 657
Processed: 658
Processed: 659
Processed: 660
Processed: 661
Processed: 662
Processed: 663
Processed: 664
Processed: 665
Processed: 666
Processed: 667
Processed: 668
Processed: 669
Processed: 670
Processed: 671
Processed: 672
Processed: 673
Processed: 674
Processed: 675
Processed: 676
Processed: 677
Processed: 678
Processed: 679
Processed: 680
Processed: 681
Processed: 682
Processed: 683
Processed: 684
Processed: 685
Processed: 686
Processed: 687
Processed: 688
Processed: 689
Processed: 690
Processed: 691
Processed: 692
Processed: 693
Processed: 694
Processed: 695
Processed: 696
Processed: 697
Processed: 698
Processed: 699
Processed: 700
Processed: 701
Processed: 702
Processed: 703
Processed: 704
Processed: 705
Processed: 706
Processed: 707
Processed: 708
Processed: 709
Processed: 710
Processed: 711
Processed: 712
Processed: 713
Processed: 714
Processed: 715
Processed: 716
Processed: 717
Processed: 718
Processed: 719
Processed: 720
Processed: 721
Processed: 722
Processed: 723
Processed: 724
Processed: 725
Processed: 726
Processed: 727
Processed: 728
Processed: 729
Processed: 730
Processed: 731
Processed: 732
Processed: 733
Processed: 734
Processed: 735
Processed: 736
Processed: 737
Processed: 738
Processed: 739
Processed: 740
Processed: 741
Processed: 742
Processed: 743
Processed: 744
Processed: 745
Processed: 746
Processed: 747
Processed: 748
Processed: 749
Processed: 750
Processed: 751
Processed: 752
Processed: 753
Processed: 754
Processed: 755
Processed: 756
Processed: 757
Processed: 758
Processed: 759
Processed: 760
Processed: 761
Processed: 762
Processed: 763
Processed: 764
Processed: 765
Processed: 766
Processed: 767
Processed: 768
Processed: 769
Processed: 770
Processed: 771
Processed: 772
Processed: 773
Processed: 774
Processed: 775
Processed: 776
Processed: 777
Processed: 778
Processed: 779
Processed: 780
Processed: 781
Processed: 782
Processed: 783
Processed: 784
Processed: 785
Processed: 786
Processed: 787
Processed: 788
Processed: 789
Processed: 790
Processed: 791
Processed: 792
Processed: 793
Processed: 794
Processed: 795
Processed: 796
Processed: 797
Processed: 798
Processed: 799
Processed: 800
Processed: 801
Processed: 802
Processed: 803
Processed: 804
Processed: 805
Processed: 806
Processed: 807
Processed: 808
Processed: 809
Processed: 810
Processed: 811
Processed: 812
Processed: 813
Processed: 814
Processed: 815
Processed: 816
Processed: 817
Processed: 818
Processed: 819
Processed: 820
Processed: 821
Processed: 822
Processed: 823
Processed: 824
Processed: 825
Processed: 826
Processed: 827
Processed: 828
Processed: 829
Processed: 830
Processed: 831
Processed: 832
Processed: 833
Processed: 834
Processed: 835
Processed: 836
Processed: 837
Processed: 838
Processed: 839
Processed: 840
Processed: 841
Processed: 842
Processed: 843
Processed: 844
Processed: 845
Processed: 846
Processed: 847
Processed: 848
Processed: 849
Processed: 850
Processed: 851
Processed: 852
Processed: 853
Processed: 854
Processed: 855
Processed: 856
Processed: 857
Processed: 858
Processed: 859
Processed: 860
Processed: 861
Processed: 862
Processed: 863
Processed: 864
Processed: 865
Processed: 866
Processed: 867
Processed: 868
Processed: 869
Processed: 870
Processed: 871
Processed: 872
Processed: 873
Processed: 874
Processed: 875
Processed: 876
Processed: 877
Processed: 878
Processed: 879
Processed: 880
Processed: 881
Processed: 882
Processed: 883
Processed: 884
Processed: 885
Processed: 886
Processed: 887
Processed: 888
Processed: 889
Processed: 890
Processed: 891
Processed: 892
Processed: 893
Processed: 894
Processed: 895
Processed: 896
Processed: 897
Processed: 898
Processed: 899
Processed: 900
Processed: 901
Processed: 902
Processed: 903
Processed: 904
Processed: 905
Processed: 906
Processed: 907
Processed: 908
Processed: 909
Processed: 910
Processed: 911
Processed: 912
Processed: 913
Processed: 914
Processed: 915
Processed: 916
Processed: 917
Processed: 918
Processed: 919
Processed: 920
Processed: 921
Processed: 922
Processed: 923
Processed: 924
Processed: 925
Processed: 926
Processed: 927
Processed: 928
Processed: 929
Processed: 930
Processed: 931
Processed: 932
Processed: 933
Processed: 934
Processed: 935
Processed: 936
Processed: 937
Processed: 938
Processed: 939
Processed: 940
Processed: 941
Processed: 942
Processed: 943
Processed: 944
Processed: 945
Processed: 946
Processed: 947
Processed: 948
Processed: 949
Processed: 950
Processed: 951
Processed: 952
Processed: 953
Processed: 954
Processed: 955
Processed: 956
Processed: 957
Processed: 958
Processed: 959
Processed: 960
Processed: 961
Processed: 962
Processed: 963
Processed: 964
Processed: 965
Processed: 966
Processed: 967
Processed: 968
Processed: 969
Processed: 970
Processed: 971
Processed: 972
Processed: 973
Processed: 974
Processed: 975
Processed: 976
Processed: 977
Processed: 978
Processed: 979
Processed: 980
Processed: 981
Processed: 982
Processed: 983
Processed: 984
Processed: 985
Processed: 986
Processed: 987
Processed: 988
Processed: 989
Processed: 990
Processed: 991
Processed: 992
Processed: 993
Processed: 994
Processed: 995
Processed: 996
Processed: 997
Processed: 998
Processed: 999
Processed: 1000
Processed: 1001
Processed: 1002
Processed: 1003
Processed: 1004
Processed: 1005
Processed: 1006
Processed: 1007
Processed: 1008
Processed: 1009
Processed: 1010
Processed: 1011
Processed: 1012
Processed: 1013
Processed: 1014
Processed: 1015
Processed: 1016
Processed: 1017
Processed: 1018
Processed: 1019
Processed: 1020
Processed: 1021
Processed: 1022
Processed: 1023
Processed: 1024
Processed: 1025
Processed: 1026
Processed: 1027
Processed: 1028
Processed: 1029
Processed: 1030
Processed: 1031
Processed: 1032
Processed: 1033
Processed: 1034
Processed: 1035
Processed: 1036
Processed: 1037
Processed: 1038
Processed: 1039
Processed: 1040
Processed: 1041
Processed: 1042
Processed: 1043
Processed: 1044
Processed: 1045
Processed: 1046
Processed: 1047
Processed: 1048
Processed: 1049
Processed: 1050
Processed: 1051
Processed: 1052
Processed: 1053
Processed: 1054
Processed: 1055
Processed: 1056
Processed: 1057
Processed: 1058
Processed: 1059
Processed: 1060
Processed: 1061
Processed: 1062
Processed: 1063
Processed: 1064
Processed: 1065
Processed: 1066
Processed: 1067
Processed: 1068
Processed: 1069
Processed: 1070
Processed: 1071
Processed: 1072
Processed: 1073
Processed: 1074
Processed: 1075
Processed: 1076
Processed: 1077
Processed: 1078
Processed: 1079
Processed: 1080
Processed: 1081
Processed: 1082
Processed: 1083
Processed: 1084
Processed: 1085
Processed: 1086
Processed: 1087
Processed: 1088
Processed: 1089
Processed: 1090
Processed: 1091
Processed: 1092
Processed: 1093
Processed: 1094
Processed: 1095
Processed: 1096
Processed: 1097
Processed: 1098
Processed: 1099
Processed: 1100
Processed: 1101
Processed: 1102
Processed: 1103
Processed: 1104
Processed: 1105
Processed: 1106
Processed: 1107
Processed: 1108
Processed: 1109
Processed: 1110
Processed: 1111
Processed: 1112
Processed: 1113
Processed: 1114
Processed: 1115
Processed: 1116
Processed: 1117
Processed: 1118
Processed: 1119
Processed: 1120
Processed: 1121
Processed: 1122
Processed: 1123
Processed: 1124
Processed: 1125
Processed: 1126
Processed: 1127
Processed: 1128
Processed: 1129
Processed: 1130
Processed: 1131
Processed: 1132
Processed: 1133
Processed: 1134
Processed: 1135
Processed: 1136
Processed: 1137
Processed: 1138
Processed: 1139
Processed: 1140
Processed: 1141
Processed: 1142
Processed: 1143
Processed: 1144
Processed: 1145
Processed: 1146
Processed: 1147
Processed: 1148
Processed: 1149
Processed: 1150
Processed: 1151
Processed: 1152
Processed: 1153
Processed: 1154
Processed: 1155
Processed: 1156
Processed: 1157
Processed: 1158
Processed: 1159
Processed: 1160
Processed: 1161
Processed: 1162
Processed: 1163
Processed: 1164
Processed: 1165
Processed: 1166
Processed: 1167
Processed: 1168
Processed: 1169
Processed: 1170
Processed: 1171
Processed: 1172
Processed: 1173
Processed: 1174
Processed: 1175
Processed: 1176
Processed: 1177
Processed: 1178
Processed: 1179
Processed: 1180
Processed: 1181
Processed: 1182
Processed: 1183
Processed: 1184
Processed: 1185
Processed: 1186
Processed: 1187
Processed: 1188
Processed: 1189
Processed: 1190
Processed: 1191
Processed: 1192
Processed: 1193
Processed: 1194
Processed: 1195
Processed: 1196
Processed: 1197
Processed: 1198
Processed: 1199
Processed: 1200
Processed: 1201
Processed: 1202
Processed: 1203
Processed: 1204
Processed: 1205
Processed: 1206
Processed: 1207
Processed: 1208
Processed: 1209
Processed: 1210
Processed: 1211
Processed: 1212
Processed: 1213
Processed: 1214
Processed: 1215
Processed: 1216
Processed: 1217
Processed: 1218
Processed: 1219
Processed: 1220
Processed: 1221
Processed: 1222
Processed: 1223
Processed: 1224
Processed: 1225
Processed: 1226
Processed: 1227
Processed: 1228
Processed: 1229
Processed: 1230
Processed: 1231
Processed: 1232
Processed: 1233
Processed: 1234
Processed: 1235
Processed: 1236
Processed: 1237
Processed: 1238
Processed: 1239
Processed: 1240
Processed: 1241
Processed: 1242
Processed: 1243
Processed: 1244
Processed: 1245
Processed: 1246
Processed: 1247
Processed: 1248
Processed: 1249
Processed: 1250
Processed: 1251
Processed: 1252
Processed: 1253
Processed: 1254
Processed: 1255
Processed: 1256
Processed: 1257
Processed: 1258
Processed: 1259
Processed: 1260
Processed: 1261
Processed: 1262
Processed: 1263
Processed: 1264
Processed: 1265
Processed: 1266
Processed: 1267
Processed: 1268
Processed: 1269
Processed: 1270
Processed: 1271
Processed: 1272
Processed: 1273
Processed: 1274
Processed: 1275
Processed: 1276
Processed: 1277
Processed: 1278
Processed: 1279
Processed: 1280
Processed: 1281
Processed: 1282
Processed: 1283
Processed: 1284
Processed: 1285
Processed: 1286
Processed: 1287
Processed: 1288
Processed: 1289
Processed: 1290
Processed: 1291
Processed: 1292
Processed: 1293
Processed: 1294
Processed: 1295
Processed: 1296
Processed: 1297
Processed: 1298
Processed: 1299
Processed: 1300
Processed: 1301
Processed: 1302
Processed: 1303
Processed: 1304
Processed: 1305
Processed: 1306
Processed: 1307
Processed: 1308
Processed: 1309
Processed: 1310
Processed: 1311
Processed: 1312
Processed: 1313
Processed: 1314
Processed: 1315
Processed: 1316
Processed: 1317
Processed: 1318
Processed: 1319
Processed: 1320
Processed: 1321
Processed: 1322
Processed: 1323
Processed: 1324
Processed: 1325
Processed: 1326
Processed: 1327
Processed: 1328
Processed: 1329
Processed: 1330
Processed: 1331
Processed: 1332
Processed: 1333
Processed: 1334
Processed: 1335
Processed: 1336
Processed: 1337
Processed: 1338
Processed: 1339
Processed: 1340
Processed: 1341
Processed: 1342
Processed: 1343
Processed: 1344
Processed: 1345
Processed: 1346
Processed: 1347
Processed: 1348
Processed: 1349
Processed: 1350
Processed: 1351
Processed: 1352
Processed: 1353
Processed: 1354
Processed: 1355
Processed: 1356
Processed: 1357
Processed: 1358
Processed: 1359
Processed: 1360
Processed: 1361
Processed: 1362
Processed: 1363
Processed: 1364
Processed: 1365
Processed: 1366
Processed: 1367
Processed: 1368
Processed: 1369
Processed: 1370
Processed: 1371
Processed: 1372
Processed: 1373
Processed: 1374
Processed: 1375
Processed: 1376
Processed: 1377
Processed: 1378
Processed: 1379
Processed: 1380
Processed: 1381
Processed: 1382
Processed: 1383
Processed: 1384
Processed: 1385
Processed: 1386
Processed: 1387
Processed: 1388
Processed: 1389
Processed: 1390
Processed: 1391
Processed: 1392
Processed: 1393
Processed: 1394
Processed: 1395
Processed: 1396
Processed: 1397
Processed: 1398
Processed: 1399
Processed: 1400
Processed: 1401
Processed: 1402
Processed: 1403
Processed: 1404
Processed: 1405
Processed: 1406
Processed: 1407
Processed: 1408
Processed: 1409
Processed: 1410
Processed: 1411
Processed: 1412
Processed: 1413
Processed: 1414
Processed: 1415
Processed: 1416
Processed: 1417
Processed: 1418
Processed: 1419
Processed: 1420
Processed: 1421
Processed: 1422
Processed: 1423
Processed: 1424
Processed: 1425
Processed: 1426
Processed: 1427
Processed: 1428
Processed: 1429
Processed: 1430
Processed: 1431
Processed: 1432
Processed: 1433
Processed: 1434
Processed: 1435
Processed: 1436
Processed: 1437
Processed: 1438
Processed: 1439
Processed: 1440
Processed: 1441
Processed: 1442
